=== argv.test.sh ===
a
b
c
d
add help text here
f
1.0.0
=== assert_cmds.test.sh ===
ok
FATAL: commands not found: not_there_cmd xx_yy_zz
=== cwd.test.sh ===
/snippets
snippets
=== dotenv.test.sh ===
--- no export on each line
export BAZ='"spaces-are-not-working"'
export FOO='BAR'
export HOME='/root'
export HOSTNAME='nixtest'
export LOG='alpine-3'
export MY_TEST='1'
export OLDPWD='/'
export PATH='/usr/local/sbin:/usr/local/bin:/usr/sbin:/usr/bin:/sbin:/bin'
export PWD='/snippets'
export SHLVL='4'
export TERM='xterm'
export WAT='1.0'
FOO=BAR
BAZ="spaces-are-not-working"
COMMENTED=
--- export on each line
export BAZ='with spaces'
export FOO='BAR'
export HOME='/root'
export HOSTNAME='nixtest'
export LOG='alpine-3'
export MY_TEST='1'
export OLDPWD='/'
export PATH='/usr/local/sbin:/usr/local/bin:/usr/sbin:/usr/bin:/sbin:/bin'
export PWD='/snippets'
export SHLVL='4'
export TERM='xterm'
export WAT='1.0'
FOO=BAR
BAZ=with spaces
COMMENTED=
=== echo_stderr.test.sh ===
INFO for your info
ERROR this is an error on stderr
filtering...
ERROR this is an error on stderr
INFO for your info
=== has_cmd.test.sh ===
0
127
=== ip_from_hostname.test.sh ===
match
found www.duck.com match

match
found eff.org match
=== iso_date.test.sh ===
Wed Jan 11 20:12:58 UTC 2023
2023-01-11T20:12:58+0000
2023-01-11T20:12:58Z
2038-01-19T03:14:07+0000
2038-01-19T03:14:07Z
date: invalid date 'TZ="America/Los_Angeles"'
date: invalid date 'TZ="America/Los_Angeles"'
Wed Jan 11 20:12:58 UTC 2023
2023-01-11T20:12:58+0000
2023-01-11T20:12:58Z
=== jsonlog.test.sh ===
{"level":"DEBUG","msg":"this is a message \" with a\t quote","time:":"2023-01-11T20:12:58+0000"}
{"level":"INFO","msg":"this is a message \" with a\t quote","time:":"2023-01-11T20:12:58+0000"}
{"level":"ERROR","msg":"this is a message\nspanning over\nseveral \"lines\"\nyes","time:":"2023-01-11T20:12:58+0000"}
{"level":"FATAL","msg":"exiting now","time:":"2023-01-11T20:12:58+0000"}
=== npm_package_version.test.sh ===
1.2.3-4
=== os_release.test.sh ===
3.17.1
NAME="Alpine Linux"
ID=alpine
VERSION_ID=3.17.1
PRETTY_NAME="Alpine Linux v3.17"
HOME_URL="https://alpinelinux.org/"
BUG_REPORT_URL="https://gitlab.alpinelinux.org/alpine/aports/-/issues"
=== package_tool.test.sh ===
apk
=== ssl_info.test.sh ===

--- ssl_info
CONNECTION ESTABLISHED
Protocol version: TLSv1.3
Ciphersuite: TLS_AES_256_GCM_SHA384
Peer certificate: C = US, ST = California, L = San Francisco, O = "Cloudflare, Inc.", CN = gitlab.com
Hash used: SHA256
Signature type: ECDSA
Verification: OK
Server Temp Key: X25519, 253 bits
DONE
CONNECTED(00000003)
depth=0 C = US, ST = California, L = San Francisco, O = BadSSL, CN = *.badssl.com
verify error:num=18:self-signed certificate
verify return:1
depth=0 C = US, ST = California, L = San Francisco, O = BadSSL, CN = *.badssl.com
verify return:1
---
Certificate chain
 0 s:C = US, ST = California, L = San Francisco, O = BadSSL, CN = *.badssl.com
   i:C = US, ST = California, L = San Francisco, O = BadSSL, CN = *.badssl.com
   a:PKEY: rsaEncryption, 2048 (bit); sigalg: RSA-SHA256
   v:NotBefore: Oct 27 19:09:10 2022 GMT; NotAfter: Oct 26 19:09:10 2024 GMT
---
Server certificate
-----BEGIN CERTIFICATE-----
MIIDeTCCAmGgAwIBAgIJAJWlQWpveElqMA0GCSqGSIb3DQEBCwUAMGIxCzAJBgNV
BAYTAlVTMRMwEQYDVQQIDApDYWxpZm9ybmlhMRYwFAYDVQQHDA1TYW4gRnJhbmNp
c2NvMQ8wDQYDVQQKDAZCYWRTU0wxFTATBgNVBAMMDCouYmFkc3NsLmNvbTAeFw0y
MjEwMjcxOTA5MTBaFw0yNDEwMjYxOTA5MTBaMGIxCzAJBgNVBAYTAlVTMRMwEQYD
VQQIDApDYWxpZm9ybmlhMRYwFAYDVQQHDA1TYW4gRnJhbmNpc2NvMQ8wDQYDVQQK
DAZCYWRTU0wxFTATBgNVBAMMDCouYmFkc3NsLmNvbTCCASIwDQYJKoZIhvcNAQEB
BQADggEPADCCAQoCggEBAMIE7PiM7gTCs9hQ1XBYzJMY61yoaEmwIrX5lZ6xKyx2
PmzAS2BMTOqytMAPgLaw+XLJhgL5XEFdEyt/ccRLvOmULlA3pmccYYz2QULFRtMW
hyefdOsKnRFSJiFzbIRMeVXk0WvoBj1IFVKtsyjbqv9u/2CVSndrOfEk0TG23U3A
xPxTuW1CrbV8/q71FdIzSOciccfCFHpsKOo3St/qbLVytH5aohbcabFXRNsKEqve
ww9HdFxBIuGa+RuT5q0iBikusbpJHAwnnqP7i/dAcgCskgjZjFeEU4EFy+b+a1SY
QCeFxxC7c3DvaRhBB0VVfPlkPz0sw6l865MaTIbRyoUCAwEAAaMyMDAwCQYDVR0T
BAIwADAjBgNVHREEHDAaggwqLmJhZHNzbC5jb22CCmJhZHNzbC5jb20wDQYJKoZI
hvcNAQELBQADggEBAHOCRfreG+y9q2jxDTYOYESH+SIOPh1a4TDKfWMGQ5shdW7Q
qlsRHqXmENFAalhHlNqGms1n77IdkIocygP9ZNZocyGwyLCDNn7YGdxCG4AlW2Lo
NW7Bs86GUhUrWtahHpOnmrjQ/zzDH1T9pBxUQwA72x3SdgvfFu+WuAU2Dg/X6Ely
IQ3a4/xy5NzlWsXBRvt67+uI2Fg3PGMenpWLD6SSLQzjjtEDXwv0dfBsYIt+m3QZ
gOHdx459vr8bpqjBz09izM2W/uYHcjixXQVpKujN9AA6a7c5hiGpfXPdhiUmaHup
CkR+c/8O1yyxkBMbttbp7VdUIXYAmB8yJuGoqe8=
-----END CERTIFICATE-----
subject=C = US, ST = California, L = San Francisco, O = BadSSL, CN = *.badssl.com
issuer=C = US, ST = California, L = San Francisco, O = BadSSL, CN = *.badssl.com
---
No client certificate CA names sent
Peer signing digest: SHA512
Peer signature type: RSA
Server Temp Key: ECDH, prime256v1, 256 bits
---
SSL handshake has read 1599 bytes and written 454 bytes
Verification error: self-signed certificate
---
New, TLSv1.2, Cipher is ECDHE-RSA-AES128-GCM-SHA256
Server public key is 2048 bit
Secure Renegotiation IS supported
No ALPN negotiated
SSL-Session:
    Protocol  : TLSv1.2
    Cipher    : ECDHE-RSA-AES128-GCM-SHA256
    Session-ID: 0EFF10C7044D9D454CDEAAF4E4511AB8E81305C38A3746332673803E7250A94B
    Session-ID-ctx: 
    Master-Key: 551120AC5AE1B06E61D91B0FFE3E6FCEE7D01F45C2EF377310B75001447DC2B5DAAE4444599915BF54E7C1A95687E7D7
    PSK identity: None
    PSK identity hint: None
    SRP username: None
    TLS session ticket lifetime hint: 300 (seconds)
    TLS session ticket:
    0000 - 89 85 67 6e 95 26 dd 26-af 26 d9 7e 3f d5 7c a2   ..gn.&.&.&.~?.|.
    0010 - 26 56 07 95 fe fb 1b db-c6 df 2a 48 23 43 5b 1d   &V........*H#C[.
    0020 - 74 de d4 c3 4a 75 37 43-ed 16 e2 b8 6b fa 7d f8   t...Ju7C....k.}.
    0030 - 70 17 79 3e b8 5c a4 b2-4f 09 4a b6 df 41 3f c6   p.y>.\..O.J..A?.
    0040 - cc b6 79 6f 5d 10 b4 0a-51 83 3c 3c ae ab 78 a1   ..yo]...Q.<<..x.
    0050 - ae 9e 2d dd c7 a2 cb 82-b0 b0 89 60 22 99 4c ea   ..-........`".L.
    0060 - f9 6b 5a 66 2f 2f f5 3a-fc 78 c2 3c 18 f3 1a 3a   .kZf//.:.x.<...:
    0070 - 7b b8 b8 43 ef 23 61 d8-c8 d9 5b 21 40 0f dd d3   {..C.#a...[!@...
    0080 - ab 39 be 7f 44 c7 94 e2-95 54 a8 28 f4 21 93 60   .9..D....T.(.!.`
    0090 - e6 4c 05 d2 8b 4d 21 c7-77 a2 15 49 9d 75 06 6b   .L...M!.w..I.u.k
    00a0 - bc 53 ce eb 01 d6 e0 eb-6b 11 fe 09 6b a9 6c 01   .S......k...k.l.
    00b0 - 2a 64 86 4b 74 0b 7a 58-31 9d 91 91 96 b1 e7 37   *d.Kt.zX1......7
    00c0 - 41 aa cc 9d 03 39 9a 27-d6 5a d0 bc ce a8 42 06   A....9.'.Z....B.

    Start Time: 1673467979
    Timeout   : 7200 (sec)
    Verify return code: 18 (self-signed certificate)
    Extended master secret: no
---
DONE

--- ssl_dates
notBefore=Oct 24 19:38:41 2022 GMT
notAfter=Jan 22 19:38:40 2023 GMT
notBefore=Apr  9 00:00:00 2015 GMT
notAfter=Apr 12 23:59:59 2015 GMT

--- ssl_is_valid
0
1
=== tcp.test.sh ===
HTTP/1.1 301 Moved Permanently
Server: nginx
Date: Wed, 11 Jan 2023 20:13:02 GMT
Content-Type: text/html
Content-Length: 162
Connection: close
Location: https://duck.com/
Strict-Transport-Security: max-age=31536000
Expires: Thu, 11 Jan 2024 20:13:02 GMT
Cache-Control: max-age=31536000

<html>
<head><title>301 Moved Permanently</title></head>
<body>
<center><h1>301 Moved Permanently</h1></center>
<hr><center>nginx</center>
</body>
</html>
0
0
Terminated
143
0
Terminated
143
=== to_lower_case.test.sh ===
hello world gÖrÜŞÜrÜz hoŞÇa kal groß
hello world görüşürüz hoşça kal groß
=== to_upper_case.test.sh ===
HELLO WORLD GöRüşüRüZ HOşçA KAL GROß
HELLO WORLD GÖRÜŞÜRÜZ HOŞÇA KAL GROSS
